<?xml version="1.0" encoding="UTF-8"?>
<!-- Generated by org.testng.reporters.JUnitReportReporter -->
<testsuite hostname="Tom" name="rp.robotics.mapping.GridMapTest" tests="3" failures="0" timestamp="6 Mar 2015 18:05:25 GMT" time="0.042" errors="0">
  <testcase name="rangeToObstacleTest" time="0.018" classname="rp.robotics.mapping.GridMapTest"/>
  <testcase name="rectangularMapTest" time="0.020" classname="rp.robotics.mapping.GridMapTest"/>
  <testcase name="testMapTest" time="0.004" classname="rp.robotics.mapping.GridMapTest"/>
</testsuite> <!-- rp.robotics.mapping.GridMapTest -->
