<?xml version="1.0" encoding="UTF-8"?>
<!-- Generated by org.testng.reporters.JUnitReportReporter -->
<testsuite hostname="Tom" name="Search.SearchTestFam" tests="1" failures="0" timestamp="27 Mar 2015 18:51:44 GMT" time="0.172" errors="0">
  <testcase name="UrMum" time="0.172" classname="Search.SearchTestFam"/>
</testsuite> <!-- Search.SearchTestFam -->
