<?xml version="1.0" encoding="UTF-8"?>
<!-- Generated by org.testng.reporters.JUnitReportReporter -->
<testsuite hostname="Tom" name="rp.robotics.mapping.GridMapTest" tests="3" failures="0" timestamp="27 Mar 2015 17:21:10 GMT" time="0.046" errors="0">
  <testcase name="rectangularMapTest" time="0.015" classname="rp.robotics.mapping.GridMapTest"/>
  <testcase name="rangeToObstacleTest" time="0.015" classname="rp.robotics.mapping.GridMapTest"/>
  <testcase name="testMapTest" time="0.016" classname="rp.robotics.mapping.GridMapTest"/>
</testsuite> <!-- rp.robotics.mapping.GridMapTest -->
